# JRE version: Java(TM) SE Runtime Environment (8.0_171-b11) (build 1.8.0_171-b11)
# Java VM: Java HotSpot(TM) 64-Bit Server VM (25.171-b11 mixed mode windows-amd64 compressed oops)
Heap:
 PSYoungGen      total 78848K, used 39271K [0x00000000eb400000, 0x00000000f0e00000, 0x0000000100000000)
  eden space 65536K, 52% used [0x00000000eb400000,0x00000000ed5b1fe8,0x00000000ef400000)
  from space 13312K, 35% used [0x00000000f0100000,0x00000000f05a8008,0x00000000f0e00000)
  to   space 13312K, 0% used [0x00000000ef400000,0x00000000ef400000,0x00000000f0100000)
 ParOldGen       total 44032K, used 26886K [0x00000000c1c00000, 0x00000000c4700000, 0x00000000eb400000)
  object space 44032K, 61% used [0x00000000c1c00000,0x00000000c3641a70,0x00000000c4700000)
 Metaspace       used 11442K, capacity 11662K, committed 11776K, reserved 1058816K
  class space    used 1383K, capacity 1451K, committed 1536K, reserved 1048576K
GC Heap History (10 events):
Event: 8.158 GC heap before
{Heap before GC invocations=2 (full 0):
 PSYoungGen      total 18944K, used 18928K [0x00000000eb400000, 0x00000000ec900000, 0x0000000100000000)
  eden space 16384K, 100% used [0x00000000eb400000,0x00000000ec400000,0x00000000ec400000)
  from space 2560K, 99% used [0x00000000ec400000,0x00000000ec67c010,0x00000000ec680000)
  to   space 2560K, 0% used [0x00000000ec680000,0x00000000ec680000,0x00000000ec900000)
 ParOldGen       total 44032K, used 494K [0x00000000c1c00000, 0x00000000c4700000, 0x00000000eb400000)
  object space 44032K, 1% used [0x00000000c1c00000,0x00000000c1c7b8c0,0x00000000c4700000)
 Metaspace       used 11133K, capacity 11342K, committed 11520K, reserved 1058816K
  class space    used 1379K, capacity 1451K, committed 1536K, reserved 1048576K
Event: 8.240 GC heap after
Heap after GC invocations=2 (full 0):
 PSYoungGen      total 18944K, used 2543K [0x00000000eb400000, 0x00000000ed900000, 0x0000000100000000)
  eden space 16384K, 0% used [0x00000000eb400000,0x00000000eb400000,0x00000000ec400000)
  from space 2560K, 99% used [0x00000000ec680000,0x00000000ec8fbfc8,0x00000000ec900000)
  to   space 2560K, 0% used [0x00000000ec400000,0x00000000ec400000,0x00000000ec680000)
 ParOldGen       total 44032K, used 7454K [0x00000000c1c00000, 0x00000000c4700000, 0x00000000eb400000)
  object space 44032K, 16% used [0x00000000c1c00000,0x00000000c2347a48,0x00000000c4700000)
 Metaspace       used 11133K, capacity 11342K, committed 11520K, reserved 1058816K
  class space    used 1379K, capacity 1451K, committed 1536K, reserved 1048576K
}
Event: 9.143 GC heap before
{Heap before GC invocations=3 (full 0):
 PSYoungGen      total 18944K, used 18927K [0x00000000eb400000, 0x00000000ed900000, 0x0000000100000000)
  eden space 16384K, 100% used [0x00000000eb400000,0x00000000ec400000,0x00000000ec400000)
  from space 2560K, 99% used [0x00000000ec680000,0x00000000ec8fbfc8,0x00000000ec900000)
  to   space 2560K, 0% used [0x00000000ec400000,0x00000000ec400000,0x00000000ec680000)
 ParOldGen       total 44032K, used 7454K [0x00000000c1c00000, 0x00000000c4700000, 0x00000000eb400000)
  object space 44032K, 16% used [0x00000000c1c00000,0x00000000c2347a48,0x00000000c4700000)
 Metaspace       used 11234K, capacity 11470K, committed 11776K, reserved 1058816K
  class space    used 1379K, capacity 1451K, committed 1536K, reserved 1048576K
Event: 9.192 GC heap after
Heap after GC invocations=3 (full 0):
 PSYoungGen      total 18944K, used 2559K [0x00000000eb400000, 0x00000000ed900000, 0x0000000100000000)
  eden space 16384K, 0% used [0x00000000eb400000,0x00000000eb400000,0x00000000ec400000)
  from space 2560K, 99% used [0x00000000ec400000,0x00000000ec67ffb0,0x00000000ec680000)
  to   space 2560K, 0% used [0x00000000ed680000,0x00000000ed680000,0x00000000ed900000)
 ParOldGen       total 44032K, used 12854K [0x00000000c1c00000, 0x00000000c4700000, 0x00000000eb400000)
  object space 44032K, 29% used [0x00000000c1c00000,0x00000000c288da90,0x00000000c4700000)
 Metaspace       used 11234K, capacity 11470K, committed 11776K, reserved 1058816K
  class space    used 1379K, capacity 1451K, committed 1536K, reserved 1048576K
}
Event: 9.659 GC heap before
{Heap before GC invocations=4 (full 0):
 PSYoungGen      total 18944K, used 16660K [0x00000000eb400000, 0x00000000ed900000, 0x0000000100000000)
  eden space 16384K, 86% used [0x00000000eb400000,0x00000000ec1c5210,0x00000000ec400000)
  from space 2560K, 99% used [0x00000000ec400000,0x00000000ec67ffb0,0x00000000ec680000)
  to   space 2560K, 0% used [0x00000000ed680000,0x00000000ed680000,0x00000000ed900000)
 ParOldGen       total 44032K, used 12854K [0x00000000c1c00000, 0x00000000c4700000, 0x00000000eb400000)
  object space 44032K, 29% used [0x00000000c1c00000,0x00000000c288da90,0x00000000c4700000)
 Metaspace       used 11293K, capacity 11534K, committed 11776K, reserved 1058816K
  class space    used 1379K, capacity 1451K, committed 1536K, reserved 1048576K
Event: 9.697 GC heap after
Heap after GC invocations=4 (full 0):
 PSYoungGen      total 35328K, used 2559K [0x00000000eb400000, 0x00000000ed900000, 0x0000000100000000)
  eden space 32768K, 0% used [0x00000000eb400000,0x00000000eb400000,0x00000000ed400000)
  from space 2560K, 99% used [0x00000000ed680000,0x00000000ed8fffb0,0x00000000ed900000)
  to   space 2560K, 0% used [0x00000000ed400000,0x00000000ed400000,0x00000000ed680000)
 ParOldGen       total 44032K, used 17318K [0x00000000c1c00000, 0x00000000c4700000, 0x00000000eb400000)
  object space 44032K, 39% used [0x00000000c1c00000,0x00000000c2ce9aa0,0x00000000c4700000)
 Metaspace       used 11293K, capacity 11534K, committed 11776K, reserved 1058816K
  class space    used 1379K, capacity 1451K, committed 1536K, reserved 1048576K
}
Event: 16.964 GC heap before
{Heap before GC invocations=5 (full 0):
 PSYoungGen      total 35328K, used 35327K [0x00000000eb400000, 0x00000000ed900000, 0x0000000100000000)
  eden space 32768K, 100% used [0x00000000eb400000,0x00000000ed400000,0x00000000ed400000)
  from space 2560K, 99% used [0x00000000ed680000,0x00000000ed8fffb0,0x00000000ed900000)
  to   space 2560K, 0% used [0x00000000ed400000,0x00000000ed400000,0x00000000ed680000)
 ParOldGen       total 44032K, used 17318K [0x00000000c1c00000, 0x00000000c4700000, 0x00000000eb400000)
  object space 44032K, 39% used [0x00000000c1c00000,0x00000000c2ce9aa0,0x00000000c4700000)
 Metaspace       used 11356K, capacity 11598K, committed 11776K, reserved 1058816K
  class space    used 1382K, capacity 1451K, committed 1536K, reserved 1048576K
Event: 17.009 GC heap after
Heap after GC invocations=5 (full 0):
 PSYoungGen      total 35328K, used 2528K [0x00000000eb400000, 0x00000000f0e00000, 0x0000000100000000)
  eden space 32768K, 0% used [0x00000000eb400000,0x00000000eb400000,0x00000000ed400000)
  from space 2560K, 98% used [0x00000000ed400000,0x00000000ed678008,0x00000000ed680000)
  to   space 13312K, 0% used [0x00000000f0100000,0x00000000f0100000,0x00000000f0e00000)
 ParOldGen       total 44032K, used 26886K [0x00000000c1c00000, 0x00000000c4700000, 0x00000000eb400000)
  object space 44032K, 61% used [0x00000000c1c00000,0x00000000c3641a70,0x00000000c4700000)
 Metaspace       used 11356K, capacity 11598K, committed 11776K, reserved 1058816K
  class space    used 1382K, capacity 1451K, committed 1536K, reserved 1048576K
}
Event: 27.605 GC heap before
{Heap before GC invocations=6 (full 0):
 PSYoungGen      total 35328K, used 32318K [0x00000000eb400000, 0x00000000f0e00000, 0x0000000100000000)
  eden space 32768K, 90% used [0x00000000eb400000,0x00000000ed117a68,0x00000000ed400000)
  from space 2560K, 98% used [0x00000000ed400000,0x00000000ed678008,0x00000000ed680000)
  to   space 13312K, 0% used [0x00000000f0100000,0x00000000f0100000,0x00000000f0e00000)
 ParOldGen       total 44032K, used 26886K [0x00000000c1c00000, 0x00000000c4700000, 0x00000000eb400000)
  object space 44032K, 61% used [0x00000000c1c00000,0x00000000c3641a70,0x00000000c4700000)
 Metaspace       used 11415K, capacity 11598K, committed 11776K, reserved 1058816K
  class space    used 1383K, capacity 1451K, committed 1536K, reserved 1048576K
Event: 27.644 GC heap after
Heap after GC invocations=6 (full 0):
 PSYoungGen      total 78848K, used 4768K [0x00000000eb400000, 0x00000000f0e00000, 0x0000000100000000)
  eden space 65536K, 0% used [0x00000000eb400000,0x00000000eb400000,0x00000000ef400000)
  from space 13312K, 35% used [0x00000000f0100000,0x00000000f05a8008,0x00000000f0e00000)
  to   space 13312K, 0% used [0x00000000ef400000,0x00000000ef400000,0x00000000f0100000)
 ParOldGen       total 44032K, used 26886K [0x00000000c1c00000, 0x00000000c4700000, 0x00000000eb400000)
  object space 44032K, 61% used [0x00000000c1c00000,0x00000000c3641a70,0x00000000c4700000)
 Metaspace       used 11415K, capacity 11598K, committed 11776K, reserved 1058816K
  class space    used 1383K, capacity 1451K, committed 1536K, reserved 1048576K
}

